<?xml version="1.0" encoding="UTF-8"?>
<!-- Generated by org.testng.reporters.JUnitReportReporter -->
<testsuite hostname="Sree" failures="0" tests="1" name="Testng.Notificationpgm" time="5.275" errors="0" timestamp="2024-08-22T11:10:27 IST" skipped="0">
  <testcase classname="Testng.Notificationpgm" name="test" time="5.275"/>
  <system-out/>
</testsuite> <!-- Testng.Notificationpgm -->
