<?xml version="1.0" encoding="UTF-8"?>
<!-- Generated by org.testng.reporters.JUnitReportReporter -->
<testsuite hostname="Sree" failures="0" tests="1" name="Testng.Scrolldown" time="7.205" errors="0" timestamp="2024-08-22T10:53:56 IST" skipped="0">
  <testcase classname="Testng.Scrolldown" name="test" time="7.205"/>
  <system-out/>
</testsuite> <!-- Testng.Scrolldown -->
